# JRE version: OpenJDK Runtime Environment (8.0_152-b01) (build 1.8.0_152-release-1343-b01)
# Java VM: OpenJDK 64-Bit Server VM (25.152-b01 mixed mode windows-amd64 compressed oops)
Heap:
 PSYoungGen      total 449024K, used 222027K [0x00000000e0000000, 0x0000000100000000, 0x0000000100000000)
  eden space 384512K, 48% used [0x00000000e0000000,0x00000000eb569d50,0x00000000f7780000)
  from space 64512K, 56% used [0x00000000fb700000,0x00000000fda69098,0x00000000ff600000)
  to   space 65024K, 0% used [0x00000000f7780000,0x00000000f7780000,0x00000000fb700000)
 ParOldGen       total 239104K, used 70512K [0x00000000a0000000, 0x00000000ae980000, 0x00000000e0000000)
  object space 239104K, 29% used [0x00000000a0000000,0x00000000a44dc118,0x00000000ae980000)
 Metaspace       used 124332K, capacity 132503K, committed 132760K, reserved 1165312K
  class space    used 15811K, capacity 17204K, committed 17304K, reserved 1048576K
GC Heap History (10 events):
Event: 4772.683 GC heap before
{Heap before GC invocations=79 (full 4):
 PSYoungGen      total 439808K, used 396707K [0x00000000e0000000, 0x00000000ff700000, 0x0000000100000000)
  eden space 373760K, 100% used [0x00000000e0000000,0x00000000f6d00000,0x00000000f6d00000)
  from space 66048K, 34% used [0x00000000fb680000,0x00000000fcce8db0,0x00000000ff700000)
  to   space 70656K, 0% used [0x00000000f6d00000,0x00000000f6d00000,0x00000000fb200000)
 ParOldGen       total 239104K, used 168602K [0x00000000a0000000, 0x00000000ae980000, 0x00000000e0000000)
  object space 239104K, 70% used [0x00000000a0000000,0x00000000aa4a6b70,0x00000000ae980000)
 Metaspace       used 107103K, capacity 114255K, committed 114456K, reserved 1148928K
  class space    used 13323K, capacity 14503K, committed 14616K, reserved 1048576K
Event: 4772.693 GC heap after
Heap after GC invocations=79 (full 4):
 PSYoungGen      total 444416K, used 15145K [0x00000000e0000000, 0x0000000100000000, 0x0000000100000000)
  eden space 373760K, 0% used [0x00000000e0000000,0x00000000e0000000,0x00000000f6d00000)
  from space 70656K, 21% used [0x00000000f6d00000,0x00000000f7bca400,0x00000000fb200000)
  to   space 68608K, 0% used [0x00000000fbd00000,0x00000000fbd00000,0x0000000100000000)
 ParOldGen       total 239104K, used 168618K [0x00000000a0000000, 0x00000000ae980000, 0x00000000e0000000)
  object space 239104K, 70% used [0x00000000a0000000,0x00000000aa4aab70,0x00000000ae980000)
 Metaspace       used 107103K, capacity 114255K, committed 114456K, reserved 1148928K
  class space    used 13323K, capacity 14503K, committed 14616K, reserved 1048576K
}
Event: 4800.418 GC heap before
{Heap before GC invocations=80 (full 4):
 PSYoungGen      total 444416K, used 388905K [0x00000000e0000000, 0x0000000100000000, 0x0000000100000000)
  eden space 373760K, 100% used [0x00000000e0000000,0x00000000f6d00000,0x00000000f6d00000)
  from space 70656K, 21% used [0x00000000f6d00000,0x00000000f7bca400,0x00000000fb200000)
  to   space 68608K, 0% used [0x00000000fbd00000,0x00000000fbd00000,0x0000000100000000)
 ParOldGen       total 239104K, used 168618K [0x00000000a0000000, 0x00000000ae980000, 0x00000000e0000000)
  object space 239104K, 70% used [0x00000000a0000000,0x00000000aa4aab70,0x00000000ae980000)
 Metaspace       used 107184K, capacity 114401K, committed 114712K, reserved 1148928K
  class space    used 13324K, capacity 14505K, committed 14616K, reserved 1048576K
Event: 4800.430 GC heap after
Heap after GC invocations=80 (full 4):
 PSYoungGen      total 446464K, used 16253K [0x00000000e0000000, 0x00000000ff900000, 0x0000000100000000)
  eden space 385024K, 0% used [0x00000000e0000000,0x00000000e0000000,0x00000000f7800000)
  from space 61440K, 26% used [0x00000000fbd00000,0x00000000fccdf7d8,0x00000000ff900000)
  to   space 66048K, 0% used [0x00000000f7800000,0x00000000f7800000,0x00000000fb880000)
 ParOldGen       total 239104K, used 168666K [0x00000000a0000000, 0x00000000ae980000, 0x00000000e0000000)
  object space 239104K, 70% used [0x00000000a0000000,0x00000000aa4b6b70,0x00000000ae980000)
 Metaspace       used 107184K, capacity 114401K, committed 114712K, reserved 1148928K
  class space    used 13324K, capacity 14505K, committed 14616K, reserved 1048576K
}
Event: 5773.922 GC heap before
{Heap before GC invocations=81 (full 4):
 PSYoungGen      total 446464K, used 303817K [0x00000000e0000000, 0x00000000ff900000, 0x0000000100000000)
  eden space 385024K, 74% used [0x00000000e0000000,0x00000000f18d2f70,0x00000000f7800000)
  from space 61440K, 26% used [0x00000000fbd00000,0x00000000fccdf7d8,0x00000000ff900000)
  to   space 66048K, 0% used [0x00000000f7800000,0x00000000f7800000,0x00000000fb880000)
 ParOldGen       total 239104K, used 168666K [0x00000000a0000000, 0x00000000ae980000, 0x00000000e0000000)
  object space 239104K, 70% used [0x00000000a0000000,0x00000000aa4b6b70,0x00000000ae980000)
 Metaspace       used 107243K, capacity 114559K, committed 114712K, reserved 1148928K
  class space    used 13326K, capacity 14507K, committed 14616K, reserved 1048576K
Event: 5773.936 GC heap after
Heap after GC invocations=81 (full 4):
 PSYoungGen      total 395776K, used 10381K [0x00000000e0000000, 0x00000000ff600000, 0x0000000100000000)
  eden space 385024K, 0% used [0x00000000e0000000,0x00000000e0000000,0x00000000f7800000)
  from space 10752K, 96% used [0x00000000f7800000,0x00000000f8223710,0x00000000f8280000)
  to   space 64512K, 0% used [0x00000000fb700000,0x00000000fb700000,0x00000000ff600000)
 ParOldGen       total 239104K, used 168914K [0x00000000a0000000, 0x00000000ae980000, 0x00000000e0000000)
  object space 239104K, 70% used [0x00000000a0000000,0x00000000aa4f4b70,0x00000000ae980000)
 Metaspace       used 107243K, capacity 114559K, committed 114712K, reserved 1148928K
  class space    used 13326K, capacity 14507K, committed 14616K, reserved 1048576K
}
Event: 5773.936 GC heap before
{Heap before GC invocations=82 (full 5):
 PSYoungGen      total 395776K, used 10381K [0x00000000e0000000, 0x00000000ff600000, 0x0000000100000000)
  eden space 385024K, 0% used [0x00000000e0000000,0x00000000e0000000,0x00000000f7800000)
  from space 10752K, 96% used [0x00000000f7800000,0x00000000f8223710,0x00000000f8280000)
  to   space 64512K, 0% used [0x00000000fb700000,0x00000000fb700000,0x00000000ff600000)
 ParOldGen       total 239104K, used 168914K [0x00000000a0000000, 0x00000000ae980000, 0x00000000e0000000)
  object space 239104K, 70% used [0x00000000a0000000,0x00000000aa4f4b70,0x00000000ae980000)
 Metaspace       used 107243K, capacity 114559K, committed 114712K, reserved 1148928K
  class space    used 13326K, capacity 14507K, committed 14616K, reserved 1048576K
Event: 5774.252 GC heap after
Heap after GC invocations=82 (full 5):
 PSYoungGen      total 395776K, used 0K [0x00000000e0000000, 0x00000000ff600000, 0x0000000100000000)
  eden space 385024K, 0% used [0x00000000e0000000,0x00000000e0000000,0x00000000f7800000)
  from space 10752K, 0% used [0x00000000f7800000,0x00000000f7800000,0x00000000f8280000)
  to   space 64512K, 0% used [0x00000000fb700000,0x00000000fb700000,0x00000000ff600000)
 ParOldGen       total 239104K, used 70504K [0x00000000a0000000, 0x00000000ae980000, 0x00000000e0000000)
  object space 239104K, 29% used [0x00000000a0000000,0x00000000a44da118,0x00000000ae980000)
 Metaspace       used 105999K, capacity 112749K, committed 114712K, reserved 1148928K
  class space    used 13221K, capacity 14321K, committed 14616K, reserved 1048576K
}
Event: 9124.081 GC heap before
{Heap before GC invocations=83 (full 5):
 PSYoungGen      total 395776K, used 385024K [0x00000000e0000000, 0x00000000ff600000, 0x0000000100000000)
  eden space 385024K, 100% used [0x00000000e0000000,0x00000000f7800000,0x00000000f7800000)
  from space 10752K, 0% used [0x00000000f7800000,0x00000000f7800000,0x00000000f8280000)
  to   space 64512K, 0% used [0x00000000fb700000,0x00000000fb700000,0x00000000ff600000)
 ParOldGen       total 239104K, used 70504K [0x00000000a0000000, 0x00000000ae980000, 0x00000000e0000000)
  object space 239104K, 29% used [0x00000000a0000000,0x00000000a44da118,0x00000000ae980000)
 Metaspace       used 123581K, capacity 131625K, committed 131736K, reserved 1163264K
  class space    used 15692K, capacity 17033K, committed 17048K, reserved 1048576K
Event: 9124.125 GC heap after
Heap after GC invocations=83 (full 5):
 PSYoungGen      total 449024K, used 36260K [0x00000000e0000000, 0x0000000100000000, 0x0000000100000000)
  eden space 384512K, 0% used [0x00000000e0000000,0x00000000e0000000,0x00000000f7780000)
  from space 64512K, 56% used [0x00000000fb700000,0x00000000fda69098,0x00000000ff600000)
  to   space 65024K, 0% used [0x00000000f7780000,0x00000000f7780000,0x00000000fb700000)
 ParOldGen       total 239104K, used 70512K [0x00000000a0000000, 0x00000000ae980000, 0x00000000e0000000)
  object space 239104K, 29% used [0x00000000a0000000,0x00000000a44dc118,0x00000000ae980000)
 Metaspace       used 123581K, capacity 131625K, committed 131736K, reserved 1163264K
  class space    used 15692K, capacity 17033K, committed 17048K, reserved 1048576K
}

