# JRE version: OpenJDK Runtime Environment (8.0_152-b01) (build 1.8.0_152-release-1343-b01)
# Java VM: OpenJDK 64-Bit Server VM (25.152-b01 mixed mode windows-amd64 compressed oops)
Heap:
 PSYoungGen      total 181760K, used 125500K [0x00000000e0000000, 0x00000000ed400000, 0x0000000100000000)
  eden space 171008K, 67% used [0x00000000e0000000,0x00000000e70156b0,0x00000000ea700000)
  from space 10752K, 99% used [0x00000000eac00000,0x00000000eb6799d0,0x00000000eb680000)
  to   space 23040K, 0% used [0x00000000ebd80000,0x00000000ebd80000,0x00000000ed400000)
 ParOldGen       total 306176K, used 51160K [0x00000000a0000000, 0x00000000b2b00000, 0x00000000e0000000)
  object space 306176K, 16% used [0x00000000a0000000,0x00000000a31f6318,0x00000000b2b00000)
 Metaspace       used 107770K, capacity 113945K, committed 118056K, reserved 1153024K
  class space    used 13363K, capacity 14401K, committed 15144K, reserved 1048576K
GC Heap History (10 events):
Event: 12681.379 GC heap before
{Heap before GC invocations=59 (full 7):
 PSYoungGen      total 200192K, used 199894K [0x00000000e0000000, 0x00000000ee800000, 0x0000000100000000)
  eden space 187392K, 100% used [0x00000000e0000000,0x00000000eb700000,0x00000000eb700000)
  from space 12800K, 97% used [0x00000000ebd00000,0x00000000ec935858,0x00000000ec980000)
  to   space 25088K, 0% used [0x00000000ecf80000,0x00000000ecf80000,0x00000000ee800000)
 ParOldGen       total 306176K, used 61185K [0x00000000a0000000, 0x00000000b2b00000, 0x00000000e0000000)
  object space 306176K, 19% used [0x00000000a0000000,0x00000000a3bc0520,0x00000000b2b00000)
 Metaspace       used 109810K, capacity 117851K, committed 118056K, reserved 1153024K
  class space    used 13771K, capacity 15110K, committed 15144K, reserved 1048576K
Event: 12681.385 GC heap after
Heap after GC invocations=59 (full 7):
 PSYoungGen      total 199168K, used 8176K [0x00000000e0000000, 0x00000000ee080000, 0x0000000100000000)
  eden space 181760K, 0% used [0x00000000e0000000,0x00000000e0000000,0x00000000eb180000)
  from space 17408K, 46% used [0x00000000ecf80000,0x00000000ed77c010,0x00000000ee080000)
  to   space 24064K, 0% used [0x00000000eb180000,0x00000000eb180000,0x00000000ec900000)
 ParOldGen       total 306176K, used 61193K [0x00000000a0000000, 0x00000000b2b00000, 0x00000000e0000000)
  object space 306176K, 19% used [0x00000000a0000000,0x00000000a3bc2520,0x00000000b2b00000)
 Metaspace       used 109810K, capacity 117851K, committed 118056K, reserved 1153024K
  class space    used 13771K, capacity 15110K, committed 15144K, reserved 1048576K
}
Event: 13981.056 GC heap before
{Heap before GC invocations=60 (full 7):
 PSYoungGen      total 199168K, used 189936K [0x00000000e0000000, 0x00000000ee080000, 0x0000000100000000)
  eden space 181760K, 100% used [0x00000000e0000000,0x00000000eb180000,0x00000000eb180000)
  from space 17408K, 46% used [0x00000000ecf80000,0x00000000ed77c010,0x00000000ee080000)
  to   space 24064K, 0% used [0x00000000eb180000,0x00000000eb180000,0x00000000ec900000)
 ParOldGen       total 306176K, used 61193K [0x00000000a0000000, 0x00000000b2b00000, 0x00000000e0000000)
  object space 306176K, 19% used [0x00000000a0000000,0x00000000a3bc2520,0x00000000b2b00000)
 Metaspace       used 109850K, capacity 117869K, committed 118056K, reserved 1153024K
  class space    used 13772K, capacity 15112K, committed 15144K, reserved 1048576K
Event: 13981.061 GC heap after
Heap after GC invocations=60 (full 7):
 PSYoungGen      total 179200K, used 2961K [0x00000000e0000000, 0x00000000edb00000, 0x0000000100000000)
  eden space 176128K, 0% used [0x00000000e0000000,0x00000000e0000000,0x00000000eac00000)
  from space 3072K, 96% used [0x00000000eb180000,0x00000000eb464408,0x00000000eb480000)
  to   space 24064K, 0% used [0x00000000ec380000,0x00000000ec380000,0x00000000edb00000)
 ParOldGen       total 306176K, used 61201K [0x00000000a0000000, 0x00000000b2b00000, 0x00000000e0000000)
  object space 306176K, 19% used [0x00000000a0000000,0x00000000a3bc4520,0x00000000b2b00000)
 Metaspace       used 109850K, capacity 117869K, committed 118056K, reserved 1153024K
  class space    used 13772K, capacity 15112K, committed 15144K, reserved 1048576K
}
Event: 14442.808 GC heap before
{Heap before GC invocations=61 (full 7):
 PSYoungGen      total 179200K, used 6543K [0x00000000e0000000, 0x00000000edb00000, 0x0000000100000000)
  eden space 176128K, 2% used [0x00000000e0000000,0x00000000e037f9c0,0x00000000eac00000)
  from space 3072K, 96% used [0x00000000eb180000,0x00000000eb464408,0x00000000eb480000)
  to   space 24064K, 0% used [0x00000000ec380000,0x00000000ec380000,0x00000000edb00000)
 ParOldGen       total 306176K, used 61201K [0x00000000a0000000, 0x00000000b2b00000, 0x00000000e0000000)
  object space 306176K, 19% used [0x00000000a0000000,0x00000000a3bc4520,0x00000000b2b00000)
 Metaspace       used 109850K, capacity 117869K, committed 118056K, reserved 1153024K
  class space    used 13772K, capacity 15112K, committed 15144K, reserved 1048576K
Event: 14442.816 GC heap after
Heap after GC invocations=61 (full 7):
 PSYoungGen      total 199168K, used 2432K [0x00000000e0000000, 0x00000000eda00000, 0x0000000100000000)
  eden space 176128K, 0% used [0x00000000e0000000,0x00000000e0000000,0x00000000eac00000)
  from space 23040K, 10% used [0x00000000ec380000,0x00000000ec5e0000,0x00000000eda00000)
  to   space 23552K, 0% used [0x00000000eac00000,0x00000000eac00000,0x00000000ec300000)
 ParOldGen       total 306176K, used 61209K [0x00000000a0000000, 0x00000000b2b00000, 0x00000000e0000000)
  object space 306176K, 19% used [0x00000000a0000000,0x00000000a3bc6520,0x00000000b2b00000)
 Metaspace       used 109850K, capacity 117869K, committed 118056K, reserved 1153024K
  class space    used 13772K, capacity 15112K, committed 15144K, reserved 1048576K
}
Event: 14442.816 GC heap before
{Heap before GC invocations=62 (full 8):
 PSYoungGen      total 199168K, used 2432K [0x00000000e0000000, 0x00000000eda00000, 0x0000000100000000)
  eden space 176128K, 0% used [0x00000000e0000000,0x00000000e0000000,0x00000000eac00000)
  from space 23040K, 10% used [0x00000000ec380000,0x00000000ec5e0000,0x00000000eda00000)
  to   space 23552K, 0% used [0x00000000eac00000,0x00000000eac00000,0x00000000ec300000)
 ParOldGen       total 306176K, used 61209K [0x00000000a0000000, 0x00000000b2b00000, 0x00000000e0000000)
  object space 306176K, 19% used [0x00000000a0000000,0x00000000a3bc6520,0x00000000b2b00000)
 Metaspace       used 109850K, capacity 117869K, committed 118056K, reserved 1153024K
  class space    used 13772K, capacity 15112K, committed 15144K, reserved 1048576K
Event: 14443.087 GC heap after
Heap after GC invocations=62 (full 8):
 PSYoungGen      total 199168K, used 0K [0x00000000e0000000, 0x00000000eda00000, 0x0000000100000000)
  eden space 176128K, 0% used [0x00000000e0000000,0x00000000e0000000,0x00000000eac00000)
  from space 23040K, 0% used [0x00000000ec380000,0x00000000ec380000,0x00000000eda00000)
  to   space 23552K, 0% used [0x00000000eac00000,0x00000000eac00000,0x00000000ec300000)
 ParOldGen       total 306176K, used 51152K [0x00000000a0000000, 0x00000000b2b00000, 0x00000000e0000000)
  object space 306176K, 16% used [0x00000000a0000000,0x00000000a31f4318,0x00000000b2b00000)
 Metaspace       used 106878K, capacity 112395K, committed 118056K, reserved 1153024K
  class space    used 13163K, capacity 14026K, committed 15144K, reserved 1048576K
}
Event: 18087.855 GC heap before
{Heap before GC invocations=63 (full 8):
 PSYoungGen      total 199168K, used 176128K [0x00000000e0000000, 0x00000000eda00000, 0x0000000100000000)
  eden space 176128K, 100% used [0x00000000e0000000,0x00000000eac00000,0x00000000eac00000)
  from space 23040K, 0% used [0x00000000ec380000,0x00000000ec380000,0x00000000eda00000)
  to   space 23552K, 0% used [0x00000000eac00000,0x00000000eac00000,0x00000000ec300000)
 ParOldGen       total 306176K, used 51152K [0x00000000a0000000, 0x00000000b2b00000, 0x00000000e0000000)
  object space 306176K, 16% used [0x00000000a0000000,0x00000000a31f4318,0x00000000b2b00000)
 Metaspace       used 107467K, capacity 113355K, committed 118056K, reserved 1153024K
  class space    used 13292K, capacity 14233K, committed 15144K, reserved 1048576K
Event: 18087.875 GC heap after
Heap after GC invocations=63 (full 8):
 PSYoungGen      total 181760K, used 10726K [0x00000000e0000000, 0x00000000ed400000, 0x0000000100000000)
  eden space 171008K, 0% used [0x00000000e0000000,0x00000000e0000000,0x00000000ea700000)
  from space 10752K, 99% used [0x00000000eac00000,0x00000000eb6799d0,0x00000000eb680000)
  to   space 23040K, 0% used [0x00000000ebd80000,0x00000000ebd80000,0x00000000ed400000)
 ParOldGen       total 306176K, used 51160K [0x00000000a0000000, 0x00000000b2b00000, 0x00000000e0000000)
  object space 306176K, 16% used [0x00000000a0000000,0x00000000a31f6318,0x00000000b2b00000)
 Metaspace       used 107467K, capacity 113355K, committed 118056K, reserved 1153024K
  class space    used 13292K, capacity 14233K, committed 15144K, reserved 1048576K
}

